<?xml version="1.0" encoding="UTF-8"?>
<Site BuildName="Win32-ninja"
	BuildStamp="20260115-1821-Experimental"
	Name="BigBertha"
	Generator="ctest-4.2.1"
	CompilerName="C:/Program Files (x86)/Microsoft Visual Studio/18/BuildTools/VC/Tools/MSVC/14.50.35717/bin/Hostx86/x86/cl.exe"
	CompilerVersion="19.50.35721.0"
	OSName="Windows"
	Hostname="BigBertha"
	OSRelease="10.0.26200"
	OSVersion="Windows 10"
	OSPlatform="AMD64"
	Is64Bits="1"
	VendorString="GenuineIntel"
	VendorID="Intel Corporation"
	FamilyID="6"
	ModelID="10"
	ModelName=""
	ProcessorCacheSize="-1"
	NumberOfLogicalCPU="20"
	NumberOfPhysicalCPU="14"
	TotalVirtualMemory="43135"
	TotalPhysicalMemory="40575"
	LogicalProcessorsPerPhysical="1"
	ProcessorClockFrequency="2600"
	>
	<Testing>
		<StartDateTime>Jan 15 11:16 Pacific Standard Time</StartDateTime>
		<StartTestTime>1768504585</StartTestTime>
		<TestList/>
		<EndDateTime>Jan 15 11:16 Pacific Standard Time</EndDateTime>
		<EndTestTime>1768504585</EndTestTime>
		<ElapsedMinutes>0</ElapsedMinutes>
	</Testing>
</Site>
